Determining if the pthread_create exist failed with the following output:
Change Dir: /home/matt/catkin_ws/build/CMakeFiles/CMakeTmp

Run Build Command:"/usr/bin/make" "cmTC_a4dcc/fast"
/usr/bin/make -f CMakeFiles/cmTC_a4dcc.dir/build.make CMakeFiles/cmTC_a4dcc.dir/build
make[1]: Entering directory '/home/matt/catkin_ws/build/CMakeFiles/CMakeTmp'
Building C object CMakeFiles/cmTC_a4dcc.dir/CheckSymbolExists.c.o
/usr/bin/cc    -o CMakeFiles/cmTC_a4dcc.dir/CheckSymbolExists.c.o   -c /home/matt/catkin_ws/build/CMakeFiles/CMakeTmp/CheckSymbolExists.c
Linking C executable cmTC_a4dcc
/usr/bin/cmake -E cmake_link_script CMakeFiles/cmTC_a4dcc.dir/link.txt --verbose=1
/usr/bin/cc      -rdynamic CMakeFiles/cmTC_a4dcc.dir/CheckSymbolExists.c.o  -o cmTC_a4dcc 
CMakeFiles/cmTC_a4dcc.dir/CheckSymbolExists.c.o: In function `main':
CheckSymbolExists.c:(.text+0x1b): undefined reference to `pthread_create'
collect2: error: ld returned 1 exit status
CMakeFiles/cmTC_a4dcc.dir/build.make:97: recipe for target 'cmTC_a4dcc' failed
make[1]: *** [cmTC_a4dcc] Error 1
make[1]: Leaving directory '/home/matt/catkin_ws/build/CMakeFiles/CMakeTmp'
Makefile:126: recipe for target 'cmTC_a4dcc/fast' failed
make: *** [cmTC_a4dcc/fast] Error 2

File /home/matt/catkin_ws/build/CMakeFiles/CMakeTmp/CheckSymbolExists.c:
/* */
#include <pthread.h>

int main(int argc, char** argv)
{
  (void)argv;
#ifndef pthread_create
  return ((int*)(&pthread_create))[argc];
#else
  (void)argc;
  return 0;
#endif
}

Determining if the function pthread_create exists in the pthreads failed with the following output:
Change Dir: /home/matt/catkin_ws/build/CMakeFiles/CMakeTmp

Run Build Command:"/usr/bin/make" "cmTC_7ef6a/fast"
/usr/bin/make -f CMakeFiles/cmTC_7ef6a.dir/build.make CMakeFiles/cmTC_7ef6a.dir/build
make[1]: Entering directory '/home/matt/catkin_ws/build/CMakeFiles/CMakeTmp'
Building C object CMakeFiles/cmTC_7ef6a.dir/CheckFunctionExists.c.o
/usr/bin/cc   -DCHECK_FUNCTION_EXISTS=pthread_create   -o CMakeFiles/cmTC_7ef6a.dir/CheckFunctionExists.c.o   -c /usr/share/cmake-3.10/Modules/CheckFunctionExists.c
Linking C executable cmTC_7ef6a
/usr/bin/cmake -E cmake_link_script CMakeFiles/cmTC_7ef6a.dir/link.txt --verbose=1
/usr/bin/cc  -DCHECK_FUNCTION_EXISTS=pthread_create    -rdynamic CMakeFiles/cmTC_7ef6a.dir/CheckFunctionExists.c.o  -o cmTC_7ef6a -lpthreads 
/usr/bin/ld: cannot find -lpthreads
collect2: error: ld returned 1 exit status
CMakeFiles/cmTC_7ef6a.dir/build.make:97: recipe for target 'cmTC_7ef6a' failed
make[1]: *** [cmTC_7ef6a] Error 1
make[1]: Leaving directory '/home/matt/catkin_ws/build/CMakeFiles/CMakeTmp'
Makefile:126: recipe for target 'cmTC_7ef6a/fast' failed
make: *** [cmTC_7ef6a/fast] Error 2


